<?xml version="1.0" encoding="UTF-8"?><testsuites disabled="" failures="0" tests="8" skipped="0" time="2.4300949"><testsuite id="0" name="PRG_TEST_TCUNIT_STEP0.TimedSuiteTests" tests="5" failures="0" skipped="0" time="1.0201476"><testcase name="Test_Wait1s" classname="PRG_TEST_TCUNIT_STEP0.TimedSuiteTests" time="1.0200174" status="PASS"></testcase><testcase name="Test_ConditionMet" classname="PRG_TEST_TCUNIT_STEP0.TimedSuiteTests" time="1.200085e-1" status="PASS"></testcase><testcase name="Test_ConditionTimeoutDetected" classname="PRG_TEST_TCUNIT_STEP0.TimedSuiteTests" time="1.0200337" status="PASS"></testcase><testcase name="Test_PaddedNameLookup" classname="PRG_TEST_TCUNIT_STEP0.TimedSuiteTests" time="1.0200586" status="PASS"></testcase><testcase name="Test_StaleContextGuard" classname="PRG_TEST_TCUNIT_STEP0.TimedSuiteTests" time="1.0200812" status="PASS"></testcase></testsuite><testsuite id="1" name="PRG_TEST_TCUNIT_STEP0.TimedOrderedTests" tests="3" failures="0" skipped="0" time="1.2000836"><testcase name="Test_Ordered1_Wait" classname="PRG_TEST_TCUNIT_STEP0.TimedOrderedTests" time="5.100456e-1" status="PASS"></testcase><testcase name="Test_Ordered2_ConditionMet" classname="PRG_TEST_TCUNIT_STEP0.TimedOrderedTests" time="1.200639e-1" status="PASS"></testcase><testcase name="Test_Ordered3_Guard" classname="PRG_TEST_TCUNIT_STEP0.TimedOrderedTests" time="5.100424e-1" status="PASS"></testcase></testsuite></testsuites>