<?xml version="1.0" encoding="UTF-8"?><testsuites disabled="" failures="1" tests="4" skipped="1" time="2.101372e-1"><testsuite id="0" name="PRG_TEST_TCUNIT_STEP0_COUNTS.PassSuite" tests="1" failures="0" skipped="0" time="7.19e-5"><testcase name="Test_SimplePass" classname="PRG_TEST_TCUNIT_STEP0_COUNTS.PassSuite" time="4.82e-5" status="PASS"></testcase></testsuite><testsuite id="1" name="PRG_TEST_TCUNIT_STEP0_COUNTS.CountsSuite_ShouldFail" tests="3" failures="1" skipped="1" time="1.247e-4"><testcase name="Test_Pass" classname="PRG_TEST_TCUNIT_STEP0_COUNTS.CountsSuite_ShouldFail" time="4.75e-5" status="PASS"></testcase><testcase name="Test_IntentionalFail" classname="PRG_TEST_TCUNIT_STEP0_COUNTS.CountsSuite_ShouldFail" time="3.33e-5" status="FAIL"><failure message="Intentional Step-0 count-semantics failure" type="BOOL"/></testcase><testcase name="Test_Skipped" classname="PRG_TEST_TCUNIT_STEP0_COUNTS.CountsSuite_ShouldFail" time="0.0" status="SKIP"></testcase></testsuite></testsuites>