<?xml version="1.0" encoding="UTF-8"?><testsuites failures="1" tests="4" skipped="1" time="2.101444e-1"><testsuite id="0" name="PRG_TEST_TCUNIT_STEP0_COUNTS.PassSuite" tests="1" failures="0" skipped="0" time="7.17e-5"><testcase name="Test_SimplePass" classname="PRG_TEST_TCUNIT_STEP0_COUNTS.PassSuite" time="4.78e-5" status="PASS"></testcase></testsuite><testsuite id="1" name="PRG_TEST_TCUNIT_STEP0_COUNTS.CountsSuite_ShouldFail" tests="3" failures="1" skipped="1" time="1.29e-4"><testcase name="Test_Pass" classname="PRG_TEST_TCUNIT_STEP0_COUNTS.CountsSuite_ShouldFail" time="4.85e-5" status="PASS"></testcase><testcase name="Test_IntentionalFail" classname="PRG_TEST_TCUNIT_STEP0_COUNTS.CountsSuite_ShouldFail" time="3.51e-5" status="FAIL"><failure message="Intentional Step-0 count-semantics failure" type="BOOL"/></testcase><testcase name="Test_Skipped" classname="PRG_TEST_TCUNIT_STEP0_COUNTS.CountsSuite_ShouldFail" time="0.0" status="SKIP"><skipped/></testcase></testsuite></testsuites>