<?xml version="1.0" encoding="UTF-8"?><testsuites disabled="" failures="0" tests="1" skipped="0" time="4.200426e-1"><testsuite id="0" name="PRG_TEST_TCUNIT_STEP0_EDGE.EmptyFirstSuite" tests="0" failures="0" skipped="0" time="2.9994e-2"/><testsuite id="1" name="PRG_TEST_TCUNIT_STEP0_EDGE.MidPassSuite" tests="1" failures="0" skipped="0" time="7.64e-5"><testcase name="Test_SimplePass" classname="PRG_TEST_TCUNIT_STEP0_EDGE.MidPassSuite" time="5.12e-5" status="PASS"></testcase></testsuite><testsuite id="2" name="PRG_TEST_TCUNIT_STEP0_EDGE.EmptyFinalSuite" tests="0" failures="0" skipped="0" time="6.8e-6"/></testsuites>