<?xml version="1.0" encoding="UTF-8"?><testsuites disabled="" failures="0" tests="1" skipped="0" time="4.20014e-1"><testsuite id="0" name="PRG_TEST_TCUNIT_STEP0_EDGE.EmptyFirstSuite" tests="0" failures="0" skipped="0" time="2.99921e-2"/><testsuite id="1" name="PRG_TEST_TCUNIT_STEP0_EDGE.MidPassSuite" tests="1" failures="0" skipped="0" time="6.99e-5"><testcase name="Test_SimplePass" classname="PRG_TEST_TCUNIT_STEP0_EDGE.MidPassSuite" time="4.75e-5" status="PASS"></testcase></testsuite><testsuite id="2" name="PRG_TEST_TCUNIT_STEP0_EDGE.EmptyFinalSuite" tests="0" failures="0" skipped="0" time="5.5e-6"/></testsuites>