<?xml version="1.0" encoding="UTF-8"?><testsuites disabled="" failures="1" tests="3" time="2.101323e-1"><testsuite id="0" name="PRG_TEST_TCUNIT_STEP0_COUNTS.PassSuite" tests="1" failures="0" time="7.12e-5"><testcase name="Test_SimplePass" classname="PRG_TEST_TCUNIT_STEP0_COUNTS.PassSuite" time="4.76e-5" status="PASS"></testcase></testsuite><testsuite id="1" name="PRG_TEST_TCUNIT_STEP0_COUNTS.CountsSuite_ShouldFail" tests="3" failures="1" time="1.229e-4"><testcase name="Test_Pass" classname="PRG_TEST_TCUNIT_STEP0_COUNTS.CountsSuite_ShouldFail" time="4.61e-5" status="PASS"></testcase><testcase name="Test_IntentionalFail" classname="PRG_TEST_TCUNIT_STEP0_COUNTS.CountsSuite_ShouldFail" time="3.26e-5" status="FAIL"><failure message="Intentional Step-0 count-semantics failure" type="BOOL"/></testcase><testcase name="Test_Skipped" classname="PRG_TEST_TCUNIT_STEP0_COUNTS.CountsSuite_ShouldFail" time="0.0" status="SKIP"></testcase></testsuite></testsuites>