<?xml version="1.0" encoding="UTF-8"?><testsuites disabled="" failures="3" tests="5" time="15.9600572"><testsuite id="0" name="PRG_TEST_TCUNIT_STEP0.TimedSuiteTests" tests="5" failures="2" time="15.0301383"><testcase name="Test_Wait1s" classname="PRG_TEST_TCUNIT_STEP0.TimedSuiteTests" time="1.020047" status="PASS"></testcase><testcase name="Test_ConditionMet" classname="PRG_TEST_TCUNIT_STEP0.TimedSuiteTests" time="1.200169e-1" status="PASS"></testcase><testcase name="Test_ConditionTimeoutDetected" classname="PRG_TEST_TCUNIT_STEP0.TimedSuiteTests" time="1.0200604" status="PASS"></testcase><testcase name="Test_PaddedNameLookup" classname="PRG_TEST_TCUNIT_STEP0.TimedSuiteTests" time="15.030077" status="FAIL"><failure message="Padded-name lookup must resolve Test_Wait1s" type="BOOL"/></testcase><testcase name="Test_StaleContextGuard" classname="PRG_TEST_TCUNIT_STEP0.TimedSuiteTests" time="2.99336e-2" status="FAIL"><failure message="WaitForTime called but WaitForCondition already active" type="WAIT_MISUSE"/></testcase></testsuite><testsuite id="1" name="PRG_TEST_TCUNIT_STEP0.TimedOrderedTests" tests="3" failures="1" time="7.200303e-1"><testcase name="Test_Ordered1_Wait" classname="PRG_TEST_TCUNIT_STEP0.TimedOrderedTests" time="5.100515e-1" status="PASS"></testcase><testcase name="Test_Ordered2_ConditionMet" classname="PRG_TEST_TCUNIT_STEP0.TimedOrderedTests" time="1.200478e-1" status="PASS"></testcase><testcase name="Test_Ordered3_Guard" classname="PRG_TEST_TCUNIT_STEP0.TimedOrderedTests" time="2.9988e-2" status="FAIL"><failure message="WaitForCondition called but WaitForTime already active" type="WAIT_MISUSE"/></testcase></testsuite></testsuites>